  IOServicePool.cpp
  Please define _WIN32_WINNT or _WIN32_WINDOWS appropriately. For example:
  - add -D_WIN32_WINNT=0x0501 to the compiler command line; or
  - add _WIN32_WINNT=0x0501 to your project's Preprocessor Definitions.
  Assuming _WIN32_WINNT=0x0501 (i.e. Windows XP target).
  HandlePool.cpp
e:\2017\c++\cktrader\include\datablk.h(91): warning C4251: 'Datablk::m_ptr': class 'std::unique_ptr<Datablk::Base,std::default_delete<_Ty>>' needs to have dll-interface to be used by clients of struct 'Datablk'
          with
          [
              _Ty=Datablk::Base
          ]
  e:\2017\c++\cktrader\include\datablk.h(61): note: see declaration of 'std::unique_ptr<Datablk::Base,std::default_delete<_Ty>>'
          with
          [
              _Ty=Datablk::Base
          ]
e:\2017\c++\cktrader\include\datablk.h(92): warning C4251: 'Datablk::m_tpIndex': class 'std::type_index' needs to have dll-interface to be used by clients of struct 'Datablk'
  c:\program files (x86)\microsoft visual studio 14.0\vc\include\typeindex(19): note: see declaration of 'std::type_index'
e:\2017\c++\cktrader\include\cktypes.h(14): warning C4251: 'Task::type': class 'std::basic_string<char,std::char_traits<char>,std::allocator<char>>' needs to have dll-interface to be used by clients of struct 'Task'
  c:\program files (x86)\microsoft visual studio 14.0\vc\include\xstring(2633): note: see declaration of 'std::basic_string<char,std::char_traits<char>,std::allocator<char>>'
e:\2017\c++\cktrader\include\cktypes.h(42): warning C4251: 'BarData::symbol': class 'std::basic_string<char,std::char_traits<char>,std::allocator<char>>' needs to have dll-interface to be used by clients of struct 'BarData'
  c:\program files (x86)\microsoft visual studio 14.0\vc\include\xstring(2633): note: see declaration of 'std::basic_string<char,std::char_traits<char>,std::allocator<char>>'
e:\2017\c++\cktrader\include\cktypes.h(43): warning C4251: 'BarData::exchange': class 'std::basic_string<char,std::char_traits<char>,std::allocator<char>>' needs to have dll-interface to be used by clients of struct 'BarData'
  c:\program files (x86)\microsoft visual studio 14.0\vc\include\xstring(2633): note: see declaration of 'std::basic_string<char,std::char_traits<char>,std::allocator<char>>'
e:\2017\c++\cktrader\include\cktypes.h(48): warning C4251: 'BarData::date': class 'std::basic_string<char,std::char_traits<char>,std::allocator<char>>' needs to have dll-interface to be used by clients of struct 'BarData'
  c:\program files (x86)\microsoft visual studio 14.0\vc\include\xstring(2633): note: see declaration of 'std::basic_string<char,std::char_traits<char>,std::allocator<char>>'
e:\2017\c++\cktrader\include\cktypes.h(49): warning C4251: 'BarData::time': class 'std::basic_string<char,std::char_traits<char>,std::allocator<char>>' needs to have dll-interface to be used by clients of struct 'BarData'
  c:\program files (x86)\microsoft visual studio 14.0\vc\include\xstring(2633): note: see declaration of 'std::basic_string<char,std::char_traits<char>,std::allocator<char>>'
e:\2017\c++\cktrader\include\cktypes.h(56): warning C4251: 'TickData::symbol': class 'std::basic_string<char,std::char_traits<char>,std::allocator<char>>' needs to have dll-interface to be used by clients of struct 'TickData'
  c:\program files (x86)\microsoft visual studio 14.0\vc\include\xstring(2633): note: see declaration of 'std::basic_string<char,std::char_traits<char>,std::allocator<char>>'
e:\2017\c++\cktrader\include\cktypes.h(57): warning C4251: 'TickData::exchange': class 'std::basic_string<char,std::char_traits<char>,std::allocator<char>>' needs to have dll-interface to be used by clients of struct 'TickData'
  c:\program files (x86)\microsoft visual studio 14.0\vc\include\xstring(2633): note: see declaration of 'std::basic_string<char,std::char_traits<char>,std::allocator<char>>'
e:\2017\c++\cktrader\include\cktypes.h(63): warning C4251: 'TickData::date': class 'std::basic_string<char,std::char_traits<char>,std::allocator<char>>' needs to have dll-interface to be used by clients of struct 'TickData'
  c:\program files (x86)\microsoft visual studio 14.0\vc\include\xstring(2633): note: see declaration of 'std::basic_string<char,std::char_traits<char>,std::allocator<char>>'
e:\2017\c++\cktrader\include\cktypes.h(64): warning C4251: 'TickData::time': class 'std::basic_string<char,std::char_traits<char>,std::allocator<char>>' needs to have dll-interface to be used by clients of struct 'TickData'
  c:\program files (x86)\microsoft visual studio 14.0\vc\include\xstring(2633): note: see declaration of 'std::basic_string<char,std::char_traits<char>,std::allocator<char>>'
e:\2017\c++\cktrader\include\cktypes.h(85): warning C4251: 'TickData::tSymbol': class 'std::basic_string<char,std::char_traits<char>,std::allocator<char>>' needs to have dll-interface to be used by clients of struct 'TickData'
  c:\program files (x86)\microsoft visual studio 14.0\vc\include\xstring(2633): note: see declaration of 'std::basic_string<char,std::char_traits<char>,std::allocator<char>>'
e:\2017\c++\cktrader\include\cktypes.h(86): warning C4251: 'TickData::gateWayName': class 'std::basic_string<char,std::char_traits<char>,std::allocator<char>>' needs to have dll-interface to be used by clients of struct 'TickData'
  c:\program files (x86)\microsoft visual studio 14.0\vc\include\xstring(2633): note: see declaration of 'std::basic_string<char,std::char_traits<char>,std::allocator<char>>'
e:\2017\c++\cktrader\include\cktypes.h(96): warning C4251: 'OrderData::symbol': class 'std::basic_string<char,std::char_traits<char>,std::allocator<char>>' needs to have dll-interface to be used by clients of struct 'OrderData'
  c:\program files (x86)\microsoft visual studio 14.0\vc\include\xstring(2633): note: see declaration of 'std::basic_string<char,std::char_traits<char>,std::allocator<char>>'
e:\2017\c++\cktrader\include\cktypes.h(97): warning C4251: 'OrderData::exchange': class 'std::basic_string<char,std::char_traits<char>,std::allocator<char>>' needs to have dll-interface to be used by clients of struct 'OrderData'
  c:\program files (x86)\microsoft visual studio 14.0\vc\include\xstring(2633): note: see declaration of 'std::basic_string<char,std::char_traits<char>,std::allocator<char>>'
e:\2017\c++\cktrader\include\cktypes.h(98): warning C4251: 'OrderData::orderID': class 'std::basic_string<char,std::char_traits<char>,std::allocator<char>>' needs to have dll-interface to be used by clients of struct 'OrderData'
  c:\program files (x86)\microsoft visual studio 14.0\vc\include\xstring(2633): note: see declaration of 'std::basic_string<char,std::char_traits<char>,std::allocator<char>>'
e:\2017\c++\cktrader\include\cktypes.h(99): warning C4251: 'OrderData::direction': class 'std::basic_string<char,std::char_traits<char>,std::allocator<char>>' needs to have dll-interface to be used by clients of struct 'OrderData'
  c:\program files (x86)\microsoft visual studio 14.0\vc\include\xstring(2633): note: see declaration of 'std::basic_string<char,std::char_traits<char>,std::allocator<char>>'
e:\2017\c++\cktrader\include\cktypes.h(100): warning C4251: 'OrderData::offset': class 'std::basic_string<char,std::char_traits<char>,std::allocator<char>>' needs to have dll-interface to be used by clients of struct 'OrderData'
  c:\program files (x86)\microsoft visual studio 14.0\vc\include\xstring(2633): note: see declaration of 'std::basic_string<char,std::char_traits<char>,std::allocator<char>>'
e:\2017\c++\cktrader\include\cktypes.h(104): warning C4251: 'OrderData::status': class 'std::basic_string<char,std::char_traits<char>,std::allocator<char>>' needs to have dll-interface to be used by clients of struct 'OrderData'
  c:\program files (x86)\microsoft visual studio 14.0\vc\include\xstring(2633): note: see declaration of 'std::basic_string<char,std::char_traits<char>,std::allocator<char>>'
e:\2017\c++\cktrader\include\cktypes.h(105): warning C4251: 'OrderData::orderTime': class 'std::basic_string<char,std::char_traits<char>,std::allocator<char>>' needs to have dll-interface to be used by clients of struct 'OrderData'
  c:\program files (x86)\microsoft visual studio 14.0\vc\include\xstring(2633): note: see declaration of 'std::basic_string<char,std::char_traits<char>,std::allocator<char>>'
e:\2017\c++\cktrader\include\cktypes.h(106): warning C4251: 'OrderData::cancelTime': class 'std::basic_string<char,std::char_traits<char>,std::allocator<char>>' needs to have dll-interface to be used by clients of struct 'OrderData'
  c:\program files (x86)\microsoft visual studio 14.0\vc\include\xstring(2633): note: see declaration of 'std::basic_string<char,std::char_traits<char>,std::allocator<char>>'
e:\2017\c++\cktrader\include\cktypes.h(109): warning C4251: 'OrderData::tOrderID': class 'std::basic_string<char,std::char_traits<char>,std::allocator<char>>' needs to have dll-interface to be used by clients of struct 'OrderData'
  c:\program files (x86)\microsoft visual studio 14.0\vc\include\xstring(2633): note: see declaration of 'std::basic_string<char,std::char_traits<char>,std::allocator<char>>'
e:\2017\c++\cktrader\include\cktypes.h(110): warning C4251: 'OrderData::gateWayName': class 'std::basic_string<char,std::char_traits<char>,std::allocator<char>>' needs to have dll-interface to be used by clients of struct 'OrderData'
  c:\program files (x86)\microsoft visual studio 14.0\vc\include\xstring(2633): note: see declaration of 'std::basic_string<char,std::char_traits<char>,std::allocator<char>>'
e:\2017\c++\cktrader\include\cktypes.h(111): warning C4251: 'OrderData::tSymbol': class 'std::basic_string<char,std::char_traits<char>,std::allocator<char>>' needs to have dll-interface to be used by clients of struct 'OrderData'
  c:\program files (x86)\microsoft visual studio 14.0\vc\include\xstring(2633): note: see declaration of 'std::basic_string<char,std::char_traits<char>,std::allocator<char>>'
e:\2017\c++\cktrader\include\cktypes.h(116): warning C4251: 'TradeData::symbol': class 'std::basic_string<char,std::char_traits<char>,std::allocator<char>>' needs to have dll-interface to be used by clients of struct 'TradeData'
  c:\program files (x86)\microsoft visual studio 14.0\vc\include\xstring(2633): note: see declaration of 'std::basic_string<char,std::char_traits<char>,std::allocator<char>>'
e:\2017\c++\cktrader\include\cktypes.h(117): warning C4251: 'TradeData::exchange': class 'std::basic_string<char,std::char_traits<char>,std::allocator<char>>' needs to have dll-interface to be used by clients of struct 'TradeData'
  c:\program files (x86)\microsoft visual studio 14.0\vc\include\xstring(2633): note: see declaration of 'std::basic_string<char,std::char_traits<char>,std::allocator<char>>'
e:\2017\c++\cktrader\include\cktypes.h(118): warning C4251: 'TradeData::tradeID': class 'std::basic_string<char,std::char_traits<char>,std::allocator<char>>' needs to have dll-interface to be used by clients of struct 'TradeData'
  c:\program files (x86)\microsoft visual studio 14.0\vc\include\xstring(2633): note: see declaration of 'std::basic_string<char,std::char_traits<char>,std::allocator<char>>'
e:\2017\c++\cktrader\include\cktypes.h(119): warning C4251: 'TradeData::orderID': class 'std::basic_string<char,std::char_traits<char>,std::allocator<char>>' needs to have dll-interface to be used by clients of struct 'TradeData'
  c:\program files (x86)\microsoft visual studio 14.0\vc\include\xstring(2633): note: see declaration of 'std::basic_string<char,std::char_traits<char>,std::allocator<char>>'
e:\2017\c++\cktrader\include\cktypes.h(120): warning C4251: 'TradeData::direction': class 'std::basic_string<char,std::char_traits<char>,std::allocator<char>>' needs to have dll-interface to be used by clients of struct 'TradeData'
  c:\program files (x86)\microsoft visual studio 14.0\vc\include\xstring(2633): note: see declaration of 'std::basic_string<char,std::char_traits<char>,std::allocator<char>>'
e:\2017\c++\cktrader\include\cktypes.h(121): warning C4251: 'TradeData::offset': class 'std::basic_string<char,std::char_traits<char>,std::allocator<char>>' needs to have dll-interface to be used by clients of struct 'TradeData'
  c:\program files (x86)\microsoft visual studio 14.0\vc\include\xstring(2633): note: see declaration of 'std::basic_string<char,std::char_traits<char>,std::allocator<char>>'
e:\2017\c++\cktrader\include\cktypes.h(124): warning C4251: 'TradeData::tradeTime': class 'std::basic_string<char,std::char_traits<char>,std::allocator<char>>' needs to have dll-interface to be used by clients of struct 'TradeData'
  c:\program files (x86)\microsoft visual studio 14.0\vc\include\xstring(2633): note: see declaration of 'std::basic_string<char,std::char_traits<char>,std::allocator<char>>'
e:\2017\c++\cktrader\include\cktypes.h(125): warning C4251: 'TradeData::tTradeID': class 'std::basic_string<char,std::char_traits<char>,std::allocator<char>>' needs to have dll-interface to be used by clients of struct 'TradeData'
  c:\program files (x86)\microsoft visual studio 14.0\vc\include\xstring(2633): note: see declaration of 'std::basic_string<char,std::char_traits<char>,std::allocator<char>>'
e:\2017\c++\cktrader\include\cktypes.h(126): warning C4251: 'TradeData::tOrderID': class 'std::basic_string<char,std::char_traits<char>,std::allocator<char>>' needs to have dll-interface to be used by clients of struct 'TradeData'
  c:\program files (x86)\microsoft visual studio 14.0\vc\include\xstring(2633): note: see declaration of 'std::basic_string<char,std::char_traits<char>,std::allocator<char>>'
e:\2017\c++\cktrader\include\cktypes.h(127): warning C4251: 'TradeData::gateWayName': class 'std::basic_string<char,std::char_traits<char>,std::allocator<char>>' needs to have dll-interface to be used by clients of struct 'TradeData'
  c:\program files (x86)\microsoft visual studio 14.0\vc\include\xstring(2633): note: see declaration of 'std::basic_string<char,std::char_traits<char>,std::allocator<char>>'
e:\2017\c++\cktrader\include\cktypes.h(128): warning C4251: 'TradeData::tSymbol': class 'std::basic_string<char,std::char_traits<char>,std::allocator<char>>' needs to have dll-interface to be used by clients of struct 'TradeData'
  c:\program files (x86)\microsoft visual studio 14.0\vc\include\xstring(2633): note: see declaration of 'std::basic_string<char,std::char_traits<char>,std::allocator<char>>'
e:\2017\c++\cktrader\include\cktypes.h(133): warning C4251: 'PositionData::symbol': class 'std::basic_string<char,std::char_traits<char>,std::allocator<char>>' needs to have dll-interface to be used by clients of struct 'PositionData'
  c:\program files (x86)\microsoft visual studio 14.0\vc\include\xstring(2633): note: see declaration of 'std::basic_string<char,std::char_traits<char>,std::allocator<char>>'
e:\2017\c++\cktrader\include\cktypes.h(134): warning C4251: 'PositionData::exchange': class 'std::basic_string<char,std::char_traits<char>,std::allocator<char>>' needs to have dll-interface to be used by clients of struct 'PositionData'
  c:\program files (x86)\microsoft visual studio 14.0\vc\include\xstring(2633): note: see declaration of 'std::basic_string<char,std::char_traits<char>,std::allocator<char>>'
e:\2017\c++\cktrader\include\cktypes.h(135): warning C4251: 'PositionData::tSymbol': class 'std::basic_string<char,std::char_traits<char>,std::allocator<char>>' needs to have dll-interface to be used by clients of struct 'PositionData'
  c:\program files (x86)\microsoft visual studio 14.0\vc\include\xstring(2633): note: see declaration of 'std::basic_string<char,std::char_traits<char>,std::allocator<char>>'
e:\2017\c++\cktrader\include\cktypes.h(136): warning C4251: 'PositionData::direction': class 'std::basic_string<char,std::char_traits<char>,std::allocator<char>>' needs to have dll-interface to be used by clients of struct 'PositionData'
  c:\program files (x86)\microsoft visual studio 14.0\vc\include\xstring(2633): note: see declaration of 'std::basic_string<char,std::char_traits<char>,std::allocator<char>>'
e:\2017\c++\cktrader\include\cktypes.h(140): warning C4251: 'PositionData::tPositionName': class 'std::basic_string<char,std::char_traits<char>,std::allocator<char>>' needs to have dll-interface to be used by clients of struct 'PositionData'
  c:\program files (x86)\microsoft visual studio 14.0\vc\include\xstring(2633): note: see declaration of 'std::basic_string<char,std::char_traits<char>,std::allocator<char>>'
e:\2017\c++\cktrader\include\cktypes.h(142): warning C4251: 'PositionData::gateWayName': class 'std::basic_string<char,std::char_traits<char>,std::allocator<char>>' needs to have dll-interface to be used by clients of struct 'PositionData'
  c:\program files (x86)\microsoft visual studio 14.0\vc\include\xstring(2633): note: see declaration of 'std::basic_string<char,std::char_traits<char>,std::allocator<char>>'
e:\2017\c++\cktrader\include\cktypes.h(150): warning C4251: 'AccountData::accountID': class 'std::basic_string<char,std::char_traits<char>,std::allocator<char>>' needs to have dll-interface to be used by clients of struct 'AccountData'
  c:\program files (x86)\microsoft visual studio 14.0\vc\include\xstring(2633): note: see declaration of 'std::basic_string<char,std::char_traits<char>,std::allocator<char>>'
e:\2017\c++\cktrader\include\cktypes.h(151): warning C4251: 'AccountData::tAccountID': class 'std::basic_string<char,std::char_traits<char>,std::allocator<char>>' needs to have dll-interface to be used by clients of struct 'AccountData'
  c:\program files (x86)\microsoft visual studio 14.0\vc\include\xstring(2633): note: see declaration of 'std::basic_string<char,std::char_traits<char>,std::allocator<char>>'
e:\2017\c++\cktrader\include\cktypes.h(159): warning C4251: 'AccountData::gateWayName': class 'std::basic_string<char,std::char_traits<char>,std::allocator<char>>' needs to have dll-interface to be used by clients of struct 'AccountData'
  c:\program files (x86)\microsoft visual studio 14.0\vc\include\xstring(2633): note: see declaration of 'std::basic_string<char,std::char_traits<char>,std::allocator<char>>'
e:\2017\c++\cktrader\include\cktypes.h(164): warning C4251: 'ErrorData::errorID': class 'std::basic_string<char,std::char_traits<char>,std::allocator<char>>' needs to have dll-interface to be used by clients of struct 'ErrorData'
  c:\program files (x86)\microsoft visual studio 14.0\vc\include\xstring(2633): note: see declaration of 'std::basic_string<char,std::char_traits<char>,std::allocator<char>>'
e:\2017\c++\cktrader\include\cktypes.h(165): warning C4251: 'ErrorData::errorMsg': class 'std::basic_string<char,std::char_traits<char>,std::allocator<char>>' needs to have dll-interface to be used by clients of struct 'ErrorData'
  c:\program files (x86)\microsoft visual studio 14.0\vc\include\xstring(2633): note: see declaration of 'std::basic_string<char,std::char_traits<char>,std::allocator<char>>'
e:\2017\c++\cktrader\include\cktypes.h(166): warning C4251: 'ErrorData::additionalInfo': class 'std::basic_string<char,std::char_traits<char>,std::allocator<char>>' needs to have dll-interface to be used by clients of struct 'ErrorData'
  c:\program files (x86)\microsoft visual studio 14.0\vc\include\xstring(2633): note: see declaration of 'std::basic_string<char,std::char_traits<char>,std::allocator<char>>'
e:\2017\c++\cktrader\include\cktypes.h(167): warning C4251: 'ErrorData::gateWayName': class 'std::basic_string<char,std::char_traits<char>,std::allocator<char>>' needs to have dll-interface to be used by clients of struct 'ErrorData'
  c:\program files (x86)\microsoft visual studio 14.0\vc\include\xstring(2633): note: see declaration of 'std::basic_string<char,std::char_traits<char>,std::allocator<char>>'
e:\2017\c++\cktrader\include\cktypes.h(172): warning C4251: 'LogData::logContent': class 'std::basic_string<char,std::char_traits<char>,std::allocator<char>>' needs to have dll-interface to be used by clients of struct 'LogData'
  c:\program files (x86)\microsoft visual studio 14.0\vc\include\xstring(2633): note: see declaration of 'std::basic_string<char,std::char_traits<char>,std::allocator<char>>'
e:\2017\c++\cktrader\include\cktypes.h(173): warning C4251: 'LogData::gateWayName': class 'std::basic_string<char,std::char_traits<char>,std::allocator<char>>' needs to have dll-interface to be used by clients of struct 'LogData'
  c:\program files (x86)\microsoft visual studio 14.0\vc\include\xstring(2633): note: see declaration of 'std::basic_string<char,std::char_traits<char>,std::allocator<char>>'
e:\2017\c++\cktrader\include\cktypes.h(178): warning C4251: 'ContractData::symbol': class 'std::basic_string<char,std::char_traits<char>,std::allocator<char>>' needs to have dll-interface to be used by clients of struct 'ContractData'
  c:\program files (x86)\microsoft visual studio 14.0\vc\include\xstring(2633): note: see declaration of 'std::basic_string<char,std::char_traits<char>,std::allocator<char>>'
e:\2017\c++\cktrader\include\cktypes.h(179): warning C4251: 'ContractData::exchange': class 'std::basic_string<char,std::char_traits<char>,std::allocator<char>>' needs to have dll-interface to be used by clients of struct 'ContractData'
  c:\program files (x86)\microsoft visual studio 14.0\vc\include\xstring(2633): note: see declaration of 'std::basic_string<char,std::char_traits<char>,std::allocator<char>>'
e:\2017\c++\cktrader\include\cktypes.h(180): warning C4251: 'ContractData::tSymbol': class 'std::basic_string<char,std::char_traits<char>,std::allocator<char>>' needs to have dll-interface to be used by clients of struct 'ContractData'
  c:\program files (x86)\microsoft visual studio 14.0\vc\include\xstring(2633): note: see declaration of 'std::basic_string<char,std::char_traits<char>,std::allocator<char>>'
e:\2017\c++\cktrader\include\cktypes.h(181): warning C4251: 'ContractData::name': class 'std::basic_string<char,std::char_traits<char>,std::allocator<char>>' needs to have dll-interface to be used by clients of struct 'ContractData'
  c:\program files (x86)\microsoft visual studio 14.0\vc\include\xstring(2633): note: see declaration of 'std::basic_string<char,std::char_traits<char>,std::allocator<char>>'
e:\2017\c++\cktrader\include\cktypes.h(182): warning C4251: 'ContractData::productClass': class 'std::basic_string<char,std::char_traits<char>,std::allocator<char>>' needs to have dll-interface to be used by clients of struct 'ContractData'
  c:\program files (x86)\microsoft visual studio 14.0\vc\include\xstring(2633): note: see declaration of 'std::basic_string<char,std::char_traits<char>,std::allocator<char>>'
e:\2017\c++\cktrader\include\cktypes.h(186): warning C4251: 'ContractData::underlyingSymbol': class 'std::basic_string<char,std::char_traits<char>,std::allocator<char>>' needs to have dll-interface to be used by clients of struct 'ContractData'
  c:\program files (x86)\microsoft visual studio 14.0\vc\include\xstring(2633): note: see declaration of 'std::basic_string<char,std::char_traits<char>,std::allocator<char>>'
e:\2017\c++\cktrader\include\cktypes.h(187): warning C4251: 'ContractData::optionType': class 'std::basic_string<char,std::char_traits<char>,std::allocator<char>>' needs to have dll-interface to be used by clients of struct 'ContractData'
  c:\program files (x86)\microsoft visual studio 14.0\vc\include\xstring(2633): note: see declaration of 'std::basic_string<char,std::char_traits<char>,std::allocator<char>>'
e:\2017\c++\cktrader\include\cktypes.h(188): warning C4251: 'ContractData::gateWayName': class 'std::basic_string<char,std::char_traits<char>,std::allocator<char>>' needs to have dll-interface to be used by clients of struct 'ContractData'
  c:\program files (x86)\microsoft visual studio 14.0\vc\include\xstring(2633): note: see declaration of 'std::basic_string<char,std::char_traits<char>,std::allocator<char>>'
e:\2017\c++\cktrader\include\cktypes.h(193): warning C4251: 'SubscribeReq::symbol': class 'std::basic_string<char,std::char_traits<char>,std::allocator<char>>' needs to have dll-interface to be used by clients of struct 'SubscribeReq'
  c:\program files (x86)\microsoft visual studio 14.0\vc\include\xstring(2633): note: see declaration of 'std::basic_string<char,std::char_traits<char>,std::allocator<char>>'
e:\2017\c++\cktrader\include\cktypes.h(194): warning C4251: 'SubscribeReq::exchange': class 'std::basic_string<char,std::char_traits<char>,std::allocator<char>>' needs to have dll-interface to be used by clients of struct 'SubscribeReq'
  c:\program files (x86)\microsoft visual studio 14.0\vc\include\xstring(2633): note: see declaration of 'std::basic_string<char,std::char_traits<char>,std::allocator<char>>'
e:\2017\c++\cktrader\include\cktypes.h(195): warning C4251: 'SubscribeReq::productClass': class 'std::basic_string<char,std::char_traits<char>,std::allocator<char>>' needs to have dll-interface to be used by clients of struct 'SubscribeReq'
  c:\program files (x86)\microsoft visual studio 14.0\vc\include\xstring(2633): note: see declaration of 'std::basic_string<char,std::char_traits<char>,std::allocator<char>>'
e:\2017\c++\cktrader\include\cktypes.h(196): warning C4251: 'SubscribeReq::currency': class 'std::basic_string<char,std::char_traits<char>,std::allocator<char>>' needs to have dll-interface to be used by clients of struct 'SubscribeReq'
  c:\program files (x86)\microsoft visual studio 14.0\vc\include\xstring(2633): note: see declaration of 'std::basic_string<char,std::char_traits<char>,std::allocator<char>>'
e:\2017\c++\cktrader\include\cktypes.h(197): warning C4251: 'SubscribeReq::expiry': class 'std::basic_string<char,std::char_traits<char>,std::allocator<char>>' needs to have dll-interface to be used by clients of struct 'SubscribeReq'
  c:\program files (x86)\microsoft visual studio 14.0\vc\include\xstring(2633): note: see declaration of 'std::basic_string<char,std::char_traits<char>,std::allocator<char>>'
e:\2017\c++\cktrader\include\cktypes.h(199): warning C4251: 'SubscribeReq::optionType': class 'std::basic_string<char,std::char_traits<char>,std::allocator<char>>' needs to have dll-interface to be used by clients of struct 'SubscribeReq'
  c:\program files (x86)\microsoft visual studio 14.0\vc\include\xstring(2633): note: see declaration of 'std::basic_string<char,std::char_traits<char>,std::allocator<char>>'
e:\2017\c++\cktrader\include\cktypes.h(200): warning C4251: 'SubscribeReq::strateyName': class 'std::basic_string<char,std::char_traits<char>,std::allocator<char>>' needs to have dll-interface to be used by clients of struct 'SubscribeReq'
  c:\program files (x86)\microsoft visual studio 14.0\vc\include\xstring(2633): note: see declaration of 'std::basic_string<char,std::char_traits<char>,std::allocator<char>>'
e:\2017\c++\cktrader\include\cktypes.h(205): warning C4251: 'OrderReq::symbol': class 'std::basic_string<char,std::char_traits<char>,std::allocator<char>>' needs to have dll-interface to be used by clients of struct 'OrderReq'
  c:\program files (x86)\microsoft visual studio 14.0\vc\include\xstring(2633): note: see declaration of 'std::basic_string<char,std::char_traits<char>,std::allocator<char>>'
e:\2017\c++\cktrader\include\cktypes.h(206): warning C4251: 'OrderReq::exchange': class 'std::basic_string<char,std::char_traits<char>,std::allocator<char>>' needs to have dll-interface to be used by clients of struct 'OrderReq'
  c:\program files (x86)\microsoft visual studio 14.0\vc\include\xstring(2633): note: see declaration of 'std::basic_string<char,std::char_traits<char>,std::allocator<char>>'
e:\2017\c++\cktrader\include\cktypes.h(209): warning C4251: 'OrderReq::priceType': class 'std::basic_string<char,std::char_traits<char>,std::allocator<char>>' needs to have dll-interface to be used by clients of struct 'OrderReq'
  c:\program files (x86)\microsoft visual studio 14.0\vc\include\xstring(2633): note: see declaration of 'std::basic_string<char,std::char_traits<char>,std::allocator<char>>'
e:\2017\c++\cktrader\include\cktypes.h(210): warning C4251: 'OrderReq::direction': class 'std::basic_string<char,std::char_traits<char>,std::allocator<char>>' needs to have dll-interface to be used by clients of struct 'OrderReq'
  c:\program files (x86)\microsoft visual studio 14.0\vc\include\xstring(2633): note: see declaration of 'std::basic_string<char,std::char_traits<char>,std::allocator<char>>'
e:\2017\c++\cktrader\include\cktypes.h(211): warning C4251: 'OrderReq::offset': class 'std::basic_string<char,std::char_traits<char>,std::allocator<char>>' needs to have dll-interface to be used by clients of struct 'OrderReq'
  c:\program files (x86)\microsoft visual studio 14.0\vc\include\xstring(2633): note: see declaration of 'std::basic_string<char,std::char_traits<char>,std::allocator<char>>'
e:\2017\c++\cktrader\include\cktypes.h(212): warning C4251: 'OrderReq::productClass': class 'std::basic_string<char,std::char_traits<char>,std::allocator<char>>' needs to have dll-interface to be used by clients of struct 'OrderReq'
  c:\program files (x86)\microsoft visual studio 14.0\vc\include\xstring(2633): note: see declaration of 'std::basic_string<char,std::char_traits<char>,std::allocator<char>>'
e:\2017\c++\cktrader\include\cktypes.h(213): warning C4251: 'OrderReq::currency': class 'std::basic_string<char,std::char_traits<char>,std::allocator<char>>' needs to have dll-interface to be used by clients of struct 'OrderReq'
  c:\program files (x86)\microsoft visual studio 14.0\vc\include\xstring(2633): note: see declaration of 'std::basic_string<char,std::char_traits<char>,std::allocator<char>>'
e:\2017\c++\cktrader\include\cktypes.h(214): warning C4251: 'OrderReq::expiry': class 'std::basic_string<char,std::char_traits<char>,std::allocator<char>>' needs to have dll-interface to be used by clients of struct 'OrderReq'
  c:\program files (x86)\microsoft visual studio 14.0\vc\include\xstring(2633): note: see declaration of 'std::basic_string<char,std::char_traits<char>,std::allocator<char>>'
e:\2017\c++\cktrader\include\cktypes.h(216): warning C4251: 'OrderReq::optionType': class 'std::basic_string<char,std::char_traits<char>,std::allocator<char>>' needs to have dll-interface to be used by clients of struct 'OrderReq'
  c:\program files (x86)\microsoft visual studio 14.0\vc\include\xstring(2633): note: see declaration of 'std::basic_string<char,std::char_traits<char>,std::allocator<char>>'
e:\2017\c++\cktrader\include\cktypes.h(217): warning C4251: 'OrderReq::strateyName': class 'std::basic_string<char,std::char_traits<char>,std::allocator<char>>' needs to have dll-interface to be used by clients of struct 'OrderReq'
  c:\program files (x86)\microsoft visual studio 14.0\vc\include\xstring(2633): note: see declaration of 'std::basic_string<char,std::char_traits<char>,std::allocator<char>>'
e:\2017\c++\cktrader\include\cktypes.h(222): warning C4251: 'CancelOrderReq::symbol': class 'std::basic_string<char,std::char_traits<char>,std::allocator<char>>' needs to have dll-interface to be used by clients of struct 'CancelOrderReq'
  c:\program files (x86)\microsoft visual studio 14.0\vc\include\xstring(2633): note: see declaration of 'std::basic_string<char,std::char_traits<char>,std::allocator<char>>'
e:\2017\c++\cktrader\include\cktypes.h(223): warning C4251: 'CancelOrderReq::exchange': class 'std::basic_string<char,std::char_traits<char>,std::allocator<char>>' needs to have dll-interface to be used by clients of struct 'CancelOrderReq'
  c:\program files (x86)\microsoft visual studio 14.0\vc\include\xstring(2633): note: see declaration of 'std::basic_string<char,std::char_traits<char>,std::allocator<char>>'
e:\2017\c++\cktrader\include\cktypes.h(224): warning C4251: 'CancelOrderReq::orderID': class 'std::basic_string<char,std::char_traits<char>,std::allocator<char>>' needs to have dll-interface to be used by clients of struct 'CancelOrderReq'
  c:\program files (x86)\microsoft visual studio 14.0\vc\include\xstring(2633): note: see declaration of 'std::basic_string<char,std::char_traits<char>,std::allocator<char>>'
e:\2017\c++\cktrader\include\cktypes.h(225): warning C4251: 'CancelOrderReq::frontID': class 'std::basic_string<char,std::char_traits<char>,std::allocator<char>>' needs to have dll-interface to be used by clients of struct 'CancelOrderReq'
  c:\program files (x86)\microsoft visual studio 14.0\vc\include\xstring(2633): note: see declaration of 'std::basic_string<char,std::char_traits<char>,std::allocator<char>>'
e:\2017\c++\cktrader\include\cktypes.h(226): warning C4251: 'CancelOrderReq::sessionID': class 'std::basic_string<char,std::char_traits<char>,std::allocator<char>>' needs to have dll-interface to be used by clients of struct 'CancelOrderReq'
  c:\program files (x86)\microsoft visual studio 14.0\vc\include\xstring(2633): note: see declaration of 'std::basic_string<char,std::char_traits<char>,std::allocator<char>>'
e:\2017\c++\cktrader\include\cktypes.h(227): warning C4251: 'CancelOrderReq::strateyName': class 'std::basic_string<char,std::char_traits<char>,std::allocator<char>>' needs to have dll-interface to be used by clients of struct 'CancelOrderReq'
  c:\program files (x86)\microsoft visual studio 14.0\vc\include\xstring(2633): note: see declaration of 'std::basic_string<char,std::char_traits<char>,std::allocator<char>>'
e:\2017\c++\cktrader\include\cktypes.h(232): warning C4251: 'StopOrder::tSymbol': class 'std::basic_string<char,std::char_traits<char>,std::allocator<char>>' needs to have dll-interface to be used by clients of struct 'StopOrder'
  c:\program files (x86)\microsoft visual studio 14.0\vc\include\xstring(2633): note: see declaration of 'std::basic_string<char,std::char_traits<char>,std::allocator<char>>'
e:\2017\c++\cktrader\include\cktypes.h(233): warning C4251: 'StopOrder::orderType': class 'std::basic_string<char,std::char_traits<char>,std::allocator<char>>' needs to have dll-interface to be used by clients of struct 'StopOrder'
  c:\program files (x86)\microsoft visual studio 14.0\vc\include\xstring(2633): note: see declaration of 'std::basic_string<char,std::char_traits<char>,std::allocator<char>>'
e:\2017\c++\cktrader\include\cktypes.h(234): warning C4251: 'StopOrder::direction': class 'std::basic_string<char,std::char_traits<char>,std::allocator<char>>' needs to have dll-interface to be used by clients of struct 'StopOrder'
  c:\program files (x86)\microsoft visual studio 14.0\vc\include\xstring(2633): note: see declaration of 'std::basic_string<char,std::char_traits<char>,std::allocator<char>>'
e:\2017\c++\cktrader\include\cktypes.h(235): warning C4251: 'StopOrder::offset': class 'std::basic_string<char,std::char_traits<char>,std::allocator<char>>' needs to have dll-interface to be used by clients of struct 'StopOrder'
  c:\program files (x86)\microsoft visual studio 14.0\vc\include\xstring(2633): note: see declaration of 'std::basic_string<char,std::char_traits<char>,std::allocator<char>>'
e:\2017\c++\cktrader\include\cktypes.h(239): warning C4251: 'StopOrder::stopOrderID': class 'std::basic_string<char,std::char_traits<char>,std::allocator<char>>' needs to have dll-interface to be used by clients of struct 'StopOrder'
  c:\program files (x86)\microsoft visual studio 14.0\vc\include\xstring(2633): note: see declaration of 'std::basic_string<char,std::char_traits<char>,std::allocator<char>>'
e:\2017\c++\cktrader\include\cktypes.h(240): warning C4251: 'StopOrder::status': class 'std::basic_string<char,std::char_traits<char>,std::allocator<char>>' needs to have dll-interface to be used by clients of struct 'StopOrder'
  c:\program files (x86)\microsoft visual studio 14.0\vc\include\xstring(2633): note: see declaration of 'std::basic_string<char,std::char_traits<char>,std::allocator<char>>'
  EventEngine.cpp
e:\2017\c++\cktrader\include\datablk.h(91): warning C4251: 'Datablk::m_ptr': class 'std::unique_ptr<Datablk::Base,std::default_delete<_Ty>>' needs to have dll-interface to be used by clients of struct 'Datablk'
          with
          [
              _Ty=Datablk::Base
          ]
  e:\2017\c++\cktrader\include\datablk.h(61): note: see declaration of 'std::unique_ptr<Datablk::Base,std::default_delete<_Ty>>'
          with
          [
              _Ty=Datablk::Base
          ]
e:\2017\c++\cktrader\include\datablk.h(92): warning C4251: 'Datablk::m_tpIndex': class 'std::type_index' needs to have dll-interface to be used by clients of struct 'Datablk'
  c:\program files (x86)\microsoft visual studio 14.0\vc\include\typeindex(19): note: see declaration of 'std::type_index'
e:\2017\c++\cktrader\include\cktypes.h(14): warning C4251: 'Task::type': class 'std::basic_string<char,std::char_traits<char>,std::allocator<char>>' needs to have dll-interface to be used by clients of struct 'Task'
  c:\program files (x86)\microsoft visual studio 14.0\vc\include\xstring(2633): note: see declaration of 'std::basic_string<char,std::char_traits<char>,std::allocator<char>>'
e:\2017\c++\cktrader\include\cktypes.h(42): warning C4251: 'BarData::symbol': class 'std::basic_string<char,std::char_traits<char>,std::allocator<char>>' needs to have dll-interface to be used by clients of struct 'BarData'
  c:\program files (x86)\microsoft visual studio 14.0\vc\include\xstring(2633): note: see declaration of 'std::basic_string<char,std::char_traits<char>,std::allocator<char>>'
e:\2017\c++\cktrader\include\cktypes.h(43): warning C4251: 'BarData::exchange': class 'std::basic_string<char,std::char_traits<char>,std::allocator<char>>' needs to have dll-interface to be used by clients of struct 'BarData'
  c:\program files (x86)\microsoft visual studio 14.0\vc\include\xstring(2633): note: see declaration of 'std::basic_string<char,std::char_traits<char>,std::allocator<char>>'
e:\2017\c++\cktrader\include\cktypes.h(48): warning C4251: 'BarData::date': class 'std::basic_string<char,std::char_traits<char>,std::allocator<char>>' needs to have dll-interface to be used by clients of struct 'BarData'
  c:\program files (x86)\microsoft visual studio 14.0\vc\include\xstring(2633): note: see declaration of 'std::basic_string<char,std::char_traits<char>,std::allocator<char>>'
e:\2017\c++\cktrader\include\cktypes.h(49): warning C4251: 'BarData::time': class 'std::basic_string<char,std::char_traits<char>,std::allocator<char>>' needs to have dll-interface to be used by clients of struct 'BarData'
  c:\program files (x86)\microsoft visual studio 14.0\vc\include\xstring(2633): note: see declaration of 'std::basic_string<char,std::char_traits<char>,std::allocator<char>>'
e:\2017\c++\cktrader\include\cktypes.h(56): warning C4251: 'TickData::symbol': class 'std::basic_string<char,std::char_traits<char>,std::allocator<char>>' needs to have dll-interface to be used by clients of struct 'TickData'
  c:\program files (x86)\microsoft visual studio 14.0\vc\include\xstring(2633): note: see declaration of 'std::basic_string<char,std::char_traits<char>,std::allocator<char>>'
e:\2017\c++\cktrader\include\cktypes.h(57): warning C4251: 'TickData::exchange': class 'std::basic_string<char,std::char_traits<char>,std::allocator<char>>' needs to have dll-interface to be used by clients of struct 'TickData'
  c:\program files (x86)\microsoft visual studio 14.0\vc\include\xstring(2633): note: see declaration of 'std::basic_string<char,std::char_traits<char>,std::allocator<char>>'
e:\2017\c++\cktrader\include\cktypes.h(63): warning C4251: 'TickData::date': class 'std::basic_string<char,std::char_traits<char>,std::allocator<char>>' needs to have dll-interface to be used by clients of struct 'TickData'
  c:\program files (x86)\microsoft visual studio 14.0\vc\include\xstring(2633): note: see declaration of 'std::basic_string<char,std::char_traits<char>,std::allocator<char>>'
e:\2017\c++\cktrader\include\cktypes.h(64): warning C4251: 'TickData::time': class 'std::basic_string<char,std::char_traits<char>,std::allocator<char>>' needs to have dll-interface to be used by clients of struct 'TickData'
  c:\program files (x86)\microsoft visual studio 14.0\vc\include\xstring(2633): note: see declaration of 'std::basic_string<char,std::char_traits<char>,std::allocator<char>>'
e:\2017\c++\cktrader\include\cktypes.h(85): warning C4251: 'TickData::tSymbol': class 'std::basic_string<char,std::char_traits<char>,std::allocator<char>>' needs to have dll-interface to be used by clients of struct 'TickData'
  c:\program files (x86)\microsoft visual studio 14.0\vc\include\xstring(2633): note: see declaration of 'std::basic_string<char,std::char_traits<char>,std::allocator<char>>'
e:\2017\c++\cktrader\include\cktypes.h(86): warning C4251: 'TickData::gateWayName': class 'std::basic_string<char,std::char_traits<char>,std::allocator<char>>' needs to have dll-interface to be used by clients of struct 'TickData'
  c:\program files (x86)\microsoft visual studio 14.0\vc\include\xstring(2633): note: see declaration of 'std::basic_string<char,std::char_traits<char>,std::allocator<char>>'
e:\2017\c++\cktrader\include\cktypes.h(96): warning C4251: 'OrderData::symbol': class 'std::basic_string<char,std::char_traits<char>,std::allocator<char>>' needs to have dll-interface to be used by clients of struct 'OrderData'
  c:\program files (x86)\microsoft visual studio 14.0\vc\include\xstring(2633): note: see declaration of 'std::basic_string<char,std::char_traits<char>,std::allocator<char>>'
e:\2017\c++\cktrader\include\cktypes.h(97): warning C4251: 'OrderData::exchange': class 'std::basic_string<char,std::char_traits<char>,std::allocator<char>>' needs to have dll-interface to be used by clients of struct 'OrderData'
  c:\program files (x86)\microsoft visual studio 14.0\vc\include\xstring(2633): note: see declaration of 'std::basic_string<char,std::char_traits<char>,std::allocator<char>>'
e:\2017\c++\cktrader\include\cktypes.h(98): warning C4251: 'OrderData::orderID': class 'std::basic_string<char,std::char_traits<char>,std::allocator<char>>' needs to have dll-interface to be used by clients of struct 'OrderData'
  c:\program files (x86)\microsoft visual studio 14.0\vc\include\xstring(2633): note: see declaration of 'std::basic_string<char,std::char_traits<char>,std::allocator<char>>'
e:\2017\c++\cktrader\include\cktypes.h(99): warning C4251: 'OrderData::direction': class 'std::basic_string<char,std::char_traits<char>,std::allocator<char>>' needs to have dll-interface to be used by clients of struct 'OrderData'
  c:\program files (x86)\microsoft visual studio 14.0\vc\include\xstring(2633): note: see declaration of 'std::basic_string<char,std::char_traits<char>,std::allocator<char>>'
e:\2017\c++\cktrader\include\cktypes.h(100): warning C4251: 'OrderData::offset': class 'std::basic_string<char,std::char_traits<char>,std::allocator<char>>' needs to have dll-interface to be used by clients of struct 'OrderData'
  c:\program files (x86)\microsoft visual studio 14.0\vc\include\xstring(2633): note: see declaration of 'std::basic_string<char,std::char_traits<char>,std::allocator<char>>'
e:\2017\c++\cktrader\include\cktypes.h(104): warning C4251: 'OrderData::status': class 'std::basic_string<char,std::char_traits<char>,std::allocator<char>>' needs to have dll-interface to be used by clients of struct 'OrderData'
  c:\program files (x86)\microsoft visual studio 14.0\vc\include\xstring(2633): note: see declaration of 'std::basic_string<char,std::char_traits<char>,std::allocator<char>>'
e:\2017\c++\cktrader\include\cktypes.h(105): warning C4251: 'OrderData::orderTime': class 'std::basic_string<char,std::char_traits<char>,std::allocator<char>>' needs to have dll-interface to be used by clients of struct 'OrderData'
  c:\program files (x86)\microsoft visual studio 14.0\vc\include\xstring(2633): note: see declaration of 'std::basic_string<char,std::char_traits<char>,std::allocator<char>>'
e:\2017\c++\cktrader\include\cktypes.h(106): warning C4251: 'OrderData::cancelTime': class 'std::basic_string<char,std::char_traits<char>,std::allocator<char>>' needs to have dll-interface to be used by clients of struct 'OrderData'
  c:\program files (x86)\microsoft visual studio 14.0\vc\include\xstring(2633): note: see declaration of 'std::basic_string<char,std::char_traits<char>,std::allocator<char>>'
e:\2017\c++\cktrader\include\cktypes.h(109): warning C4251: 'OrderData::tOrderID': class 'std::basic_string<char,std::char_traits<char>,std::allocator<char>>' needs to have dll-interface to be used by clients of struct 'OrderData'
  c:\program files (x86)\microsoft visual studio 14.0\vc\include\xstring(2633): note: see declaration of 'std::basic_string<char,std::char_traits<char>,std::allocator<char>>'
e:\2017\c++\cktrader\include\cktypes.h(110): warning C4251: 'OrderData::gateWayName': class 'std::basic_string<char,std::char_traits<char>,std::allocator<char>>' needs to have dll-interface to be used by clients of struct 'OrderData'
  c:\program files (x86)\microsoft visual studio 14.0\vc\include\xstring(2633): note: see declaration of 'std::basic_string<char,std::char_traits<char>,std::allocator<char>>'
e:\2017\c++\cktrader\include\cktypes.h(111): warning C4251: 'OrderData::tSymbol': class 'std::basic_string<char,std::char_traits<char>,std::allocator<char>>' needs to have dll-interface to be used by clients of struct 'OrderData'
  c:\program files (x86)\microsoft visual studio 14.0\vc\include\xstring(2633): note: see declaration of 'std::basic_string<char,std::char_traits<char>,std::allocator<char>>'
e:\2017\c++\cktrader\include\cktypes.h(116): warning C4251: 'TradeData::symbol': class 'std::basic_string<char,std::char_traits<char>,std::allocator<char>>' needs to have dll-interface to be used by clients of struct 'TradeData'
  c:\program files (x86)\microsoft visual studio 14.0\vc\include\xstring(2633): note: see declaration of 'std::basic_string<char,std::char_traits<char>,std::allocator<char>>'
e:\2017\c++\cktrader\include\cktypes.h(117): warning C4251: 'TradeData::exchange': class 'std::basic_string<char,std::char_traits<char>,std::allocator<char>>' needs to have dll-interface to be used by clients of struct 'TradeData'
  c:\program files (x86)\microsoft visual studio 14.0\vc\include\xstring(2633): note: see declaration of 'std::basic_string<char,std::char_traits<char>,std::allocator<char>>'
e:\2017\c++\cktrader\include\cktypes.h(118): warning C4251: 'TradeData::tradeID': class 'std::basic_string<char,std::char_traits<char>,std::allocator<char>>' needs to have dll-interface to be used by clients of struct 'TradeData'
  c:\program files (x86)\microsoft visual studio 14.0\vc\include\xstring(2633): note: see declaration of 'std::basic_string<char,std::char_traits<char>,std::allocator<char>>'
e:\2017\c++\cktrader\include\cktypes.h(119): warning C4251: 'TradeData::orderID': class 'std::basic_string<char,std::char_traits<char>,std::allocator<char>>' needs to have dll-interface to be used by clients of struct 'TradeData'
  c:\program files (x86)\microsoft visual studio 14.0\vc\include\xstring(2633): note: see declaration of 'std::basic_string<char,std::char_traits<char>,std::allocator<char>>'
e:\2017\c++\cktrader\include\cktypes.h(120): warning C4251: 'TradeData::direction': class 'std::basic_string<char,std::char_traits<char>,std::allocator<char>>' needs to have dll-interface to be used by clients of struct 'TradeData'
  c:\program files (x86)\microsoft visual studio 14.0\vc\include\xstring(2633): note: see declaration of 'std::basic_string<char,std::char_traits<char>,std::allocator<char>>'
e:\2017\c++\cktrader\include\cktypes.h(121): warning C4251: 'TradeData::offset': class 'std::basic_string<char,std::char_traits<char>,std::allocator<char>>' needs to have dll-interface to be used by clients of struct 'TradeData'
  c:\program files (x86)\microsoft visual studio 14.0\vc\include\xstring(2633): note: see declaration of 'std::basic_string<char,std::char_traits<char>,std::allocator<char>>'
e:\2017\c++\cktrader\include\cktypes.h(124): warning C4251: 'TradeData::tradeTime': class 'std::basic_string<char,std::char_traits<char>,std::allocator<char>>' needs to have dll-interface to be used by clients of struct 'TradeData'
  c:\program files (x86)\microsoft visual studio 14.0\vc\include\xstring(2633): note: see declaration of 'std::basic_string<char,std::char_traits<char>,std::allocator<char>>'
e:\2017\c++\cktrader\include\cktypes.h(125): warning C4251: 'TradeData::tTradeID': class 'std::basic_string<char,std::char_traits<char>,std::allocator<char>>' needs to have dll-interface to be used by clients of struct 'TradeData'
  c:\program files (x86)\microsoft visual studio 14.0\vc\include\xstring(2633): note: see declaration of 'std::basic_string<char,std::char_traits<char>,std::allocator<char>>'
e:\2017\c++\cktrader\include\cktypes.h(126): warning C4251: 'TradeData::tOrderID': class 'std::basic_string<char,std::char_traits<char>,std::allocator<char>>' needs to have dll-interface to be used by clients of struct 'TradeData'
  c:\program files (x86)\microsoft visual studio 14.0\vc\include\xstring(2633): note: see declaration of 'std::basic_string<char,std::char_traits<char>,std::allocator<char>>'
e:\2017\c++\cktrader\include\cktypes.h(127): warning C4251: 'TradeData::gateWayName': class 'std::basic_string<char,std::char_traits<char>,std::allocator<char>>' needs to have dll-interface to be used by clients of struct 'TradeData'
  c:\program files (x86)\microsoft visual studio 14.0\vc\include\xstring(2633): note: see declaration of 'std::basic_string<char,std::char_traits<char>,std::allocator<char>>'
e:\2017\c++\cktrader\include\cktypes.h(128): warning C4251: 'TradeData::tSymbol': class 'std::basic_string<char,std::char_traits<char>,std::allocator<char>>' needs to have dll-interface to be used by clients of struct 'TradeData'
  c:\program files (x86)\microsoft visual studio 14.0\vc\include\xstring(2633): note: see declaration of 'std::basic_string<char,std::char_traits<char>,std::allocator<char>>'
e:\2017\c++\cktrader\include\cktypes.h(133): warning C4251: 'PositionData::symbol': class 'std::basic_string<char,std::char_traits<char>,std::allocator<char>>' needs to have dll-interface to be used by clients of struct 'PositionData'
  c:\program files (x86)\microsoft visual studio 14.0\vc\include\xstring(2633): note: see declaration of 'std::basic_string<char,std::char_traits<char>,std::allocator<char>>'
e:\2017\c++\cktrader\include\cktypes.h(134): warning C4251: 'PositionData::exchange': class 'std::basic_string<char,std::char_traits<char>,std::allocator<char>>' needs to have dll-interface to be used by clients of struct 'PositionData'
  c:\program files (x86)\microsoft visual studio 14.0\vc\include\xstring(2633): note: see declaration of 'std::basic_string<char,std::char_traits<char>,std::allocator<char>>'
e:\2017\c++\cktrader\include\cktypes.h(135): warning C4251: 'PositionData::tSymbol': class 'std::basic_string<char,std::char_traits<char>,std::allocator<char>>' needs to have dll-interface to be used by clients of struct 'PositionData'
  c:\program files (x86)\microsoft visual studio 14.0\vc\include\xstring(2633): note: see declaration of 'std::basic_string<char,std::char_traits<char>,std::allocator<char>>'
e:\2017\c++\cktrader\include\cktypes.h(136): warning C4251: 'PositionData::direction': class 'std::basic_string<char,std::char_traits<char>,std::allocator<char>>' needs to have dll-interface to be used by clients of struct 'PositionData'
  c:\program files (x86)\microsoft visual studio 14.0\vc\include\xstring(2633): note: see declaration of 'std::basic_string<char,std::char_traits<char>,std::allocator<char>>'
e:\2017\c++\cktrader\include\cktypes.h(140): warning C4251: 'PositionData::tPositionName': class 'std::basic_string<char,std::char_traits<char>,std::allocator<char>>' needs to have dll-interface to be used by clients of struct 'PositionData'
  c:\program files (x86)\microsoft visual studio 14.0\vc\include\xstring(2633): note: see declaration of 'std::basic_string<char,std::char_traits<char>,std::allocator<char>>'
e:\2017\c++\cktrader\include\cktypes.h(142): warning C4251: 'PositionData::gateWayName': class 'std::basic_string<char,std::char_traits<char>,std::allocator<char>>' needs to have dll-interface to be used by clients of struct 'PositionData'
  c:\program files (x86)\microsoft visual studio 14.0\vc\include\xstring(2633): note: see declaration of 'std::basic_string<char,std::char_traits<char>,std::allocator<char>>'
e:\2017\c++\cktrader\include\cktypes.h(150): warning C4251: 'AccountData::accountID': class 'std::basic_string<char,std::char_traits<char>,std::allocator<char>>' needs to have dll-interface to be used by clients of struct 'AccountData'
  c:\program files (x86)\microsoft visual studio 14.0\vc\include\xstring(2633): note: see declaration of 'std::basic_string<char,std::char_traits<char>,std::allocator<char>>'
e:\2017\c++\cktrader\include\cktypes.h(151): warning C4251: 'AccountData::tAccountID': class 'std::basic_string<char,std::char_traits<char>,std::allocator<char>>' needs to have dll-interface to be used by clients of struct 'AccountData'
  c:\program files (x86)\microsoft visual studio 14.0\vc\include\xstring(2633): note: see declaration of 'std::basic_string<char,std::char_traits<char>,std::allocator<char>>'
e:\2017\c++\cktrader\include\cktypes.h(159): warning C4251: 'AccountData::gateWayName': class 'std::basic_string<char,std::char_traits<char>,std::allocator<char>>' needs to have dll-interface to be used by clients of struct 'AccountData'
  c:\program files (x86)\microsoft visual studio 14.0\vc\include\xstring(2633): note: see declaration of 'std::basic_string<char,std::char_traits<char>,std::allocator<char>>'
e:\2017\c++\cktrader\include\cktypes.h(164): warning C4251: 'ErrorData::errorID': class 'std::basic_string<char,std::char_traits<char>,std::allocator<char>>' needs to have dll-interface to be used by clients of struct 'ErrorData'
  c:\program files (x86)\microsoft visual studio 14.0\vc\include\xstring(2633): note: see declaration of 'std::basic_string<char,std::char_traits<char>,std::allocator<char>>'
e:\2017\c++\cktrader\include\cktypes.h(165): warning C4251: 'ErrorData::errorMsg': class 'std::basic_string<char,std::char_traits<char>,std::allocator<char>>' needs to have dll-interface to be used by clients of struct 'ErrorData'
  c:\program files (x86)\microsoft visual studio 14.0\vc\include\xstring(2633): note: see declaration of 'std::basic_string<char,std::char_traits<char>,std::allocator<char>>'
e:\2017\c++\cktrader\include\cktypes.h(166): warning C4251: 'ErrorData::additionalInfo': class 'std::basic_string<char,std::char_traits<char>,std::allocator<char>>' needs to have dll-interface to be used by clients of struct 'ErrorData'
  c:\program files (x86)\microsoft visual studio 14.0\vc\include\xstring(2633): note: see declaration of 'std::basic_string<char,std::char_traits<char>,std::allocator<char>>'
e:\2017\c++\cktrader\include\cktypes.h(167): warning C4251: 'ErrorData::gateWayName': class 'std::basic_string<char,std::char_traits<char>,std::allocator<char>>' needs to have dll-interface to be used by clients of struct 'ErrorData'
  c:\program files (x86)\microsoft visual studio 14.0\vc\include\xstring(2633): note: see declaration of 'std::basic_string<char,std::char_traits<char>,std::allocator<char>>'
e:\2017\c++\cktrader\include\cktypes.h(172): warning C4251: 'LogData::logContent': class 'std::basic_string<char,std::char_traits<char>,std::allocator<char>>' needs to have dll-interface to be used by clients of struct 'LogData'
  c:\program files (x86)\microsoft visual studio 14.0\vc\include\xstring(2633): note: see declaration of 'std::basic_string<char,std::char_traits<char>,std::allocator<char>>'
e:\2017\c++\cktrader\include\cktypes.h(173): warning C4251: 'LogData::gateWayName': class 'std::basic_string<char,std::char_traits<char>,std::allocator<char>>' needs to have dll-interface to be used by clients of struct 'LogData'
  c:\program files (x86)\microsoft visual studio 14.0\vc\include\xstring(2633): note: see declaration of 'std::basic_string<char,std::char_traits<char>,std::allocator<char>>'
e:\2017\c++\cktrader\include\cktypes.h(178): warning C4251: 'ContractData::symbol': class 'std::basic_string<char,std::char_traits<char>,std::allocator<char>>' needs to have dll-interface to be used by clients of struct 'ContractData'
  c:\program files (x86)\microsoft visual studio 14.0\vc\include\xstring(2633): note: see declaration of 'std::basic_string<char,std::char_traits<char>,std::allocator<char>>'
e:\2017\c++\cktrader\include\cktypes.h(179): warning C4251: 'ContractData::exchange': class 'std::basic_string<char,std::char_traits<char>,std::allocator<char>>' needs to have dll-interface to be used by clients of struct 'ContractData'
  c:\program files (x86)\microsoft visual studio 14.0\vc\include\xstring(2633): note: see declaration of 'std::basic_string<char,std::char_traits<char>,std::allocator<char>>'
e:\2017\c++\cktrader\include\cktypes.h(180): warning C4251: 'ContractData::tSymbol': class 'std::basic_string<char,std::char_traits<char>,std::allocator<char>>' needs to have dll-interface to be used by clients of struct 'ContractData'
  c:\program files (x86)\microsoft visual studio 14.0\vc\include\xstring(2633): note: see declaration of 'std::basic_string<char,std::char_traits<char>,std::allocator<char>>'
e:\2017\c++\cktrader\include\cktypes.h(181): warning C4251: 'ContractData::name': class 'std::basic_string<char,std::char_traits<char>,std::allocator<char>>' needs to have dll-interface to be used by clients of struct 'ContractData'
  c:\program files (x86)\microsoft visual studio 14.0\vc\include\xstring(2633): note: see declaration of 'std::basic_string<char,std::char_traits<char>,std::allocator<char>>'
e:\2017\c++\cktrader\include\cktypes.h(182): warning C4251: 'ContractData::productClass': class 'std::basic_string<char,std::char_traits<char>,std::allocator<char>>' needs to have dll-interface to be used by clients of struct 'ContractData'
  c:\program files (x86)\microsoft visual studio 14.0\vc\include\xstring(2633): note: see declaration of 'std::basic_string<char,std::char_traits<char>,std::allocator<char>>'
e:\2017\c++\cktrader\include\cktypes.h(186): warning C4251: 'ContractData::underlyingSymbol': class 'std::basic_string<char,std::char_traits<char>,std::allocator<char>>' needs to have dll-interface to be used by clients of struct 'ContractData'
  c:\program files (x86)\microsoft visual studio 14.0\vc\include\xstring(2633): note: see declaration of 'std::basic_string<char,std::char_traits<char>,std::allocator<char>>'
e:\2017\c++\cktrader\include\cktypes.h(187): warning C4251: 'ContractData::optionType': class 'std::basic_string<char,std::char_traits<char>,std::allocator<char>>' needs to have dll-interface to be used by clients of struct 'ContractData'
  c:\program files (x86)\microsoft visual studio 14.0\vc\include\xstring(2633): note: see declaration of 'std::basic_string<char,std::char_traits<char>,std::allocator<char>>'
e:\2017\c++\cktrader\include\cktypes.h(188): warning C4251: 'ContractData::gateWayName': class 'std::basic_string<char,std::char_traits<char>,std::allocator<char>>' needs to have dll-interface to be used by clients of struct 'ContractData'
  c:\program files (x86)\microsoft visual studio 14.0\vc\include\xstring(2633): note: see declaration of 'std::basic_string<char,std::char_traits<char>,std::allocator<char>>'
e:\2017\c++\cktrader\include\cktypes.h(193): warning C4251: 'SubscribeReq::symbol': class 'std::basic_string<char,std::char_traits<char>,std::allocator<char>>' needs to have dll-interface to be used by clients of struct 'SubscribeReq'
  c:\program files (x86)\microsoft visual studio 14.0\vc\include\xstring(2633): note: see declaration of 'std::basic_string<char,std::char_traits<char>,std::allocator<char>>'
e:\2017\c++\cktrader\include\cktypes.h(194): warning C4251: 'SubscribeReq::exchange': class 'std::basic_string<char,std::char_traits<char>,std::allocator<char>>' needs to have dll-interface to be used by clients of struct 'SubscribeReq'
  c:\program files (x86)\microsoft visual studio 14.0\vc\include\xstring(2633): note: see declaration of 'std::basic_string<char,std::char_traits<char>,std::allocator<char>>'
e:\2017\c++\cktrader\include\cktypes.h(195): warning C4251: 'SubscribeReq::productClass': class 'std::basic_string<char,std::char_traits<char>,std::allocator<char>>' needs to have dll-interface to be used by clients of struct 'SubscribeReq'
  c:\program files (x86)\microsoft visual studio 14.0\vc\include\xstring(2633): note: see declaration of 'std::basic_string<char,std::char_traits<char>,std::allocator<char>>'
e:\2017\c++\cktrader\include\cktypes.h(196): warning C4251: 'SubscribeReq::currency': class 'std::basic_string<char,std::char_traits<char>,std::allocator<char>>' needs to have dll-interface to be used by clients of struct 'SubscribeReq'
  c:\program files (x86)\microsoft visual studio 14.0\vc\include\xstring(2633): note: see declaration of 'std::basic_string<char,std::char_traits<char>,std::allocator<char>>'
e:\2017\c++\cktrader\include\cktypes.h(197): warning C4251: 'SubscribeReq::expiry': class 'std::basic_string<char,std::char_traits<char>,std::allocator<char>>' needs to have dll-interface to be used by clients of struct 'SubscribeReq'
  c:\program files (x86)\microsoft visual studio 14.0\vc\include\xstring(2633): note: see declaration of 'std::basic_string<char,std::char_traits<char>,std::allocator<char>>'
e:\2017\c++\cktrader\include\cktypes.h(199): warning C4251: 'SubscribeReq::optionType': class 'std::basic_string<char,std::char_traits<char>,std::allocator<char>>' needs to have dll-interface to be used by clients of struct 'SubscribeReq'
  c:\program files (x86)\microsoft visual studio 14.0\vc\include\xstring(2633): note: see declaration of 'std::basic_string<char,std::char_traits<char>,std::allocator<char>>'
e:\2017\c++\cktrader\include\cktypes.h(200): warning C4251: 'SubscribeReq::strateyName': class 'std::basic_string<char,std::char_traits<char>,std::allocator<char>>' needs to have dll-interface to be used by clients of struct 'SubscribeReq'
  c:\program files (x86)\microsoft visual studio 14.0\vc\include\xstring(2633): note: see declaration of 'std::basic_string<char,std::char_traits<char>,std::allocator<char>>'
e:\2017\c++\cktrader\include\cktypes.h(205): warning C4251: 'OrderReq::symbol': class 'std::basic_string<char,std::char_traits<char>,std::allocator<char>>' needs to have dll-interface to be used by clients of struct 'OrderReq'
  c:\program files (x86)\microsoft visual studio 14.0\vc\include\xstring(2633): note: see declaration of 'std::basic_string<char,std::char_traits<char>,std::allocator<char>>'
e:\2017\c++\cktrader\include\cktypes.h(206): warning C4251: 'OrderReq::exchange': class 'std::basic_string<char,std::char_traits<char>,std::allocator<char>>' needs to have dll-interface to be used by clients of struct 'OrderReq'
  c:\program files (x86)\microsoft visual studio 14.0\vc\include\xstring(2633): note: see declaration of 'std::basic_string<char,std::char_traits<char>,std::allocator<char>>'
e:\2017\c++\cktrader\include\cktypes.h(209): warning C4251: 'OrderReq::priceType': class 'std::basic_string<char,std::char_traits<char>,std::allocator<char>>' needs to have dll-interface to be used by clients of struct 'OrderReq'
  c:\program files (x86)\microsoft visual studio 14.0\vc\include\xstring(2633): note: see declaration of 'std::basic_string<char,std::char_traits<char>,std::allocator<char>>'
e:\2017\c++\cktrader\include\cktypes.h(210): warning C4251: 'OrderReq::direction': class 'std::basic_string<char,std::char_traits<char>,std::allocator<char>>' needs to have dll-interface to be used by clients of struct 'OrderReq'
  c:\program files (x86)\microsoft visual studio 14.0\vc\include\xstring(2633): note: see declaration of 'std::basic_string<char,std::char_traits<char>,std::allocator<char>>'
e:\2017\c++\cktrader\include\cktypes.h(211): warning C4251: 'OrderReq::offset': class 'std::basic_string<char,std::char_traits<char>,std::allocator<char>>' needs to have dll-interface to be used by clients of struct 'OrderReq'
  c:\program files (x86)\microsoft visual studio 14.0\vc\include\xstring(2633): note: see declaration of 'std::basic_string<char,std::char_traits<char>,std::allocator<char>>'
e:\2017\c++\cktrader\include\cktypes.h(212): warning C4251: 'OrderReq::productClass': class 'std::basic_string<char,std::char_traits<char>,std::allocator<char>>' needs to have dll-interface to be used by clients of struct 'OrderReq'
  c:\program files (x86)\microsoft visual studio 14.0\vc\include\xstring(2633): note: see declaration of 'std::basic_string<char,std::char_traits<char>,std::allocator<char>>'
e:\2017\c++\cktrader\include\cktypes.h(213): warning C4251: 'OrderReq::currency': class 'std::basic_string<char,std::char_traits<char>,std::allocator<char>>' needs to have dll-interface to be used by clients of struct 'OrderReq'
  c:\program files (x86)\microsoft visual studio 14.0\vc\include\xstring(2633): note: see declaration of 'std::basic_string<char,std::char_traits<char>,std::allocator<char>>'
e:\2017\c++\cktrader\include\cktypes.h(214): warning C4251: 'OrderReq::expiry': class 'std::basic_string<char,std::char_traits<char>,std::allocator<char>>' needs to have dll-interface to be used by clients of struct 'OrderReq'
  c:\program files (x86)\microsoft visual studio 14.0\vc\include\xstring(2633): note: see declaration of 'std::basic_string<char,std::char_traits<char>,std::allocator<char>>'
e:\2017\c++\cktrader\include\cktypes.h(216): warning C4251: 'OrderReq::optionType': class 'std::basic_string<char,std::char_traits<char>,std::allocator<char>>' needs to have dll-interface to be used by clients of struct 'OrderReq'
  c:\program files (x86)\microsoft visual studio 14.0\vc\include\xstring(2633): note: see declaration of 'std::basic_string<char,std::char_traits<char>,std::allocator<char>>'
e:\2017\c++\cktrader\include\cktypes.h(217): warning C4251: 'OrderReq::strateyName': class 'std::basic_string<char,std::char_traits<char>,std::allocator<char>>' needs to have dll-interface to be used by clients of struct 'OrderReq'
  c:\program files (x86)\microsoft visual studio 14.0\vc\include\xstring(2633): note: see declaration of 'std::basic_string<char,std::char_traits<char>,std::allocator<char>>'
e:\2017\c++\cktrader\include\cktypes.h(222): warning C4251: 'CancelOrderReq::symbol': class 'std::basic_string<char,std::char_traits<char>,std::allocator<char>>' needs to have dll-interface to be used by clients of struct 'CancelOrderReq'
  c:\program files (x86)\microsoft visual studio 14.0\vc\include\xstring(2633): note: see declaration of 'std::basic_string<char,std::char_traits<char>,std::allocator<char>>'
e:\2017\c++\cktrader\include\cktypes.h(223): warning C4251: 'CancelOrderReq::exchange': class 'std::basic_string<char,std::char_traits<char>,std::allocator<char>>' needs to have dll-interface to be used by clients of struct 'CancelOrderReq'
  c:\program files (x86)\microsoft visual studio 14.0\vc\include\xstring(2633): note: see declaration of 'std::basic_string<char,std::char_traits<char>,std::allocator<char>>'
e:\2017\c++\cktrader\include\cktypes.h(224): warning C4251: 'CancelOrderReq::orderID': class 'std::basic_string<char,std::char_traits<char>,std::allocator<char>>' needs to have dll-interface to be used by clients of struct 'CancelOrderReq'
  c:\program files (x86)\microsoft visual studio 14.0\vc\include\xstring(2633): note: see declaration of 'std::basic_string<char,std::char_traits<char>,std::allocator<char>>'
e:\2017\c++\cktrader\include\cktypes.h(225): warning C4251: 'CancelOrderReq::frontID': class 'std::basic_string<char,std::char_traits<char>,std::allocator<char>>' needs to have dll-interface to be used by clients of struct 'CancelOrderReq'
  c:\program files (x86)\microsoft visual studio 14.0\vc\include\xstring(2633): note: see declaration of 'std::basic_string<char,std::char_traits<char>,std::allocator<char>>'
e:\2017\c++\cktrader\include\cktypes.h(226): warning C4251: 'CancelOrderReq::sessionID': class 'std::basic_string<char,std::char_traits<char>,std::allocator<char>>' needs to have dll-interface to be used by clients of struct 'CancelOrderReq'
  c:\program files (x86)\microsoft visual studio 14.0\vc\include\xstring(2633): note: see declaration of 'std::basic_string<char,std::char_traits<char>,std::allocator<char>>'
e:\2017\c++\cktrader\include\cktypes.h(227): warning C4251: 'CancelOrderReq::strateyName': class 'std::basic_string<char,std::char_traits<char>,std::allocator<char>>' needs to have dll-interface to be used by clients of struct 'CancelOrderReq'
  c:\program files (x86)\microsoft visual studio 14.0\vc\include\xstring(2633): note: see declaration of 'std::basic_string<char,std::char_traits<char>,std::allocator<char>>'
e:\2017\c++\cktrader\include\cktypes.h(232): warning C4251: 'StopOrder::tSymbol': class 'std::basic_string<char,std::char_traits<char>,std::allocator<char>>' needs to have dll-interface to be used by clients of struct 'StopOrder'
  c:\program files (x86)\microsoft visual studio 14.0\vc\include\xstring(2633): note: see declaration of 'std::basic_string<char,std::char_traits<char>,std::allocator<char>>'
e:\2017\c++\cktrader\include\cktypes.h(233): warning C4251: 'StopOrder::orderType': class 'std::basic_string<char,std::char_traits<char>,std::allocator<char>>' needs to have dll-interface to be used by clients of struct 'StopOrder'
  c:\program files (x86)\microsoft visual studio 14.0\vc\include\xstring(2633): note: see declaration of 'std::basic_string<char,std::char_traits<char>,std::allocator<char>>'
e:\2017\c++\cktrader\include\cktypes.h(234): warning C4251: 'StopOrder::direction': class 'std::basic_string<char,std::char_traits<char>,std::allocator<char>>' needs to have dll-interface to be used by clients of struct 'StopOrder'
  c:\program files (x86)\microsoft visual studio 14.0\vc\include\xstring(2633): note: see declaration of 'std::basic_string<char,std::char_traits<char>,std::allocator<char>>'
e:\2017\c++\cktrader\include\cktypes.h(235): warning C4251: 'StopOrder::offset': class 'std::basic_string<char,std::char_traits<char>,std::allocator<char>>' needs to have dll-interface to be used by clients of struct 'StopOrder'
  c:\program files (x86)\microsoft visual studio 14.0\vc\include\xstring(2633): note: see declaration of 'std::basic_string<char,std::char_traits<char>,std::allocator<char>>'
e:\2017\c++\cktrader\include\cktypes.h(239): warning C4251: 'StopOrder::stopOrderID': class 'std::basic_string<char,std::char_traits<char>,std::allocator<char>>' needs to have dll-interface to be used by clients of struct 'StopOrder'
  c:\program files (x86)\microsoft visual studio 14.0\vc\include\xstring(2633): note: see declaration of 'std::basic_string<char,std::char_traits<char>,std::allocator<char>>'
e:\2017\c++\cktrader\include\cktypes.h(240): warning C4251: 'StopOrder::status': class 'std::basic_string<char,std::char_traits<char>,std::allocator<char>>' needs to have dll-interface to be used by clients of struct 'StopOrder'
  c:\program files (x86)\microsoft visual studio 14.0\vc\include\xstring(2633): note: see declaration of 'std::basic_string<char,std::char_traits<char>,std::allocator<char>>'
  Please define _WIN32_WINNT or _WIN32_WINDOWS appropriately. For example:
  - add -D_WIN32_WINNT=0x0501 to the compiler command line; or
  - add _WIN32_WINNT=0x0501 to your project's Preprocessor Definitions.
  Assuming _WIN32_WINNT=0x0501 (i.e. Windows XP target).
e:\2017\c++\cktrader\include\eventengine\eventengine.h(34): warning C4251: 'EventEngine::active': struct 'std::atomic<bool>' needs to have dll-interface to be used by clients of class 'EventEngine'
  c:\program files (x86)\microsoft visual studio 14.0\vc\include\xxatomic(180): note: see declaration of 'std::atomic<bool>'
e:\2017\c++\cktrader\include\eventengine\eventengine.h(42): warning C4251: 'EventEngine::handlePool': class 'std::shared_ptr<HandlePool>' needs to have dll-interface to be used by clients of class 'EventEngine'
  e:\2017\c++\cktrader\include\eventengine\eventengine.h(42): note: see declaration of 'std::shared_ptr<HandlePool>'
e:\2017\c++\cktrader\include\eventengine\eventengine.h(44): warning C4251: 'EventEngine::taskQueue': class 'std::shared_ptr<moodycamel::BlockingConcurrentQueue<Task,moodycamel::ConcurrentQueueDefaultTraits>>' needs to have dll-interface to be used by clients of class 'EventEngine'
  e:\2017\c++\cktrader\include\eventengine\eventengine.h(44): note: see declaration of 'std::shared_ptr<moodycamel::BlockingConcurrentQueue<Task,moodycamel::ConcurrentQueueDefaultTraits>>'
e:\2017\c++\cktrader\include\eventengine\eventengine.h(46): warning C4251: 'EventEngine::servicePool': class 'std::shared_ptr<IOServicePool>' needs to have dll-interface to be used by clients of class 'EventEngine'
  e:\2017\c++\cktrader\include\eventengine\eventengine.h(46): note: see declaration of 'std::shared_ptr<IOServicePool>'
e:\2017\c++\cktrader\include\eventengine\eventengine.h(49): warning C4251: 'EventEngine::idMutex': class 'std::mutex' needs to have dll-interface to be used by clients of class 'EventEngine'
  c:\program files (x86)\microsoft visual studio 14.0\vc\include\mutex(78): note: see declaration of 'std::mutex'
  Generating Code...
     Creating library E:\2017\c++\cktrader\x64\Debug\EventEngine.lib and object E:\2017\c++\cktrader\x64\Debug\EventEngine.exp
  EventEngine.vcxproj -> E:\2017\c++\cktrader\x64\Debug\EventEngine.dll
  EventEngine.vcxproj -> E:\2017\c++\cktrader\x64\Debug\EventEngine.pdb (Partial PDB)
